<?xml version="1.0" encoding="UTF-8"?>
<coverage generated="1613285548403" clover="3.2.0">
  <project timestamp="1613285548403" name="All files">
    <metrics statements="7" coveredstatements="7" conditionals="0" coveredconditionals="0" methods="3" coveredmethods="3" elements="10" coveredelements="10" complexity="0" loc="7" ncloc="7" packages="1" files="1" classes="1"/>
    <file name="index.js" path="/Users/Alex/Desktop/items/edabitQuestions/index.js">
      <metrics statements="7" coveredstatements="7" conditionals="0" coveredconditionals="0" methods="3" coveredmethods="3"/>
      <line num="2" count="30" type="stmt"/>
      <line num="3" count="30" type="stmt"/>
      <line num="4" count="6" type="stmt"/>
      <line num="7" count="1" type="stmt"/>
      <line num="16" count="1" type="stmt"/>
      <line num="25" count="1" type="stmt"/>
      <line num="37" count="1" type="stmt"/>
    </file>
  </project>
</coverage>
