{"/Users/Alex/Desktop/items/edabitQuestions/index.js": {"path":"/Users/Alex/Desktop/items/edabitQuestions/index.js","statementMap":{"0":{"start":{"line":2,"column":13},"end":{"line":2,"column":46}},"1":{"start":{"line":2,"column":34},"end":{"line":2,"column":42}},"2":{"start":{"line":3,"column":11},"end":{"line":3,"column":44}},"3":{"start":{"line":3,"column":32},"end":{"line":3,"column":40}},"4":{"start":{"line":4,"column":2},"end":{"line":4,"column":41}},"5":{"start":{"line":7,"column":0},"end":{"line":15,"column":2}},"6":{"start":{"line":16,"column":0},"end":{"line":24,"column":2}},"7":{"start":{"line":25,"column":0},"end":{"line":33,"column":2}},"8":{"start":{"line":37,"column":0},"end":{"line":37,"column":28}}},"fnMap":{"0":{"name":"battingAvg","decl":{"start":{"line":1,"column":9},"end":{"line":1,"column":19}},"loc":{"start":{"line":1,"column":25},"end":{"line":5,"column":1}},"line":1},"1":{"name":"(anonymous_1)","decl":{"start":{"line":2,"column":24},"end":{"line":2,"column":25}},"loc":{"start":{"line":2,"column":34},"end":{"line":2,"column":42}},"line":2},"2":{"name":"(anonymous_2)","decl":{"start":{"line":3,"column":22},"end":{"line":3,"column":23}},"loc":{"start":{"line":3,"column":32},"end":{"line":3,"column":40}},"line":3}},"branchMap":{},"s":{"0":6,"1":30,"2":6,"3":30,"4":6,"5":1,"6":1,"7":1,"8":1},"f":{"0":6,"1":30,"2":30},"b":{},"_coverageSchema":"1a1c01bbd47fc00a2c39e90264f33305004495a9","hash":"c498a30039d2b37b3f6d7b69587269c418da2e60"}
}
